  Source.cpp
c:\program files (x86)\intel realsense sdk 2.0\include\librealsense2\hpp\rs_device.hpp(251): warning C4267: 'argument': conversion from 'size_t' to 'int', possible loss of data
c:\users\daoth\source\repos\project5\code\source.cpp(58): warning C4244: '=': conversion from 'int' to '_Ty1', possible loss of data
          with
          [
              _Ty1=float
          ]
c:\users\daoth\source\repos\project5\code\source.cpp(59): warning C4244: '=': conversion from 'int' to '_Ty2', possible loss of data
          with
          [
              _Ty2=float
          ]
c:\users\daoth\source\repos\project5\code\source.cpp(70): warning C4244: '=': conversion from 'int' to '_Ty1', possible loss of data
          with
          [
              _Ty1=float
          ]
c:\users\daoth\source\repos\project5\code\source.cpp(71): warning C4244: '=': conversion from 'int' to '_Ty2', possible loss of data
          with
          [
              _Ty2=float
          ]
c:\users\daoth\source\repos\project5\code\source.cpp(82): warning C4244: '=': conversion from 'int' to '_Ty1', possible loss of data
          with
          [
              _Ty1=float
          ]
c:\users\daoth\source\repos\project5\code\source.cpp(83): warning C4244: '=': conversion from 'int' to '_Ty2', possible loss of data
          with
          [
              _Ty2=float
          ]
c:\users\daoth\source\repos\project5\code\source.cpp(112): warning C4267: 'initializing': conversion from 'size_t' to 'int', possible loss of data
c:\users\daoth\source\repos\project5\code\source.cpp(286): warning C4244: 'argument': conversion from '_Ty2' to '_Tp', possible loss of data
          with
          [
              _Ty2=float
          ]
          and
          [
              _Tp=int
          ]
c:\users\daoth\source\repos\project5\code\source.cpp(286): warning C4244: 'argument': conversion from '_Ty1' to '_Tp', possible loss of data
          with
          [
              _Ty1=float
          ]
          and
          [
              _Tp=int
          ]
c:\users\daoth\source\repos\project5\code\source.cpp(287): warning C4244: 'argument': conversion from '_Ty2' to '_Tp', possible loss of data
          with
          [
              _Ty2=float
          ]
          and
          [
              _Tp=int
          ]
c:\users\daoth\source\repos\project5\code\source.cpp(287): warning C4244: 'argument': conversion from '_Ty1' to '_Tp', possible loss of data
          with
          [
              _Ty1=float
          ]
          and
          [
              _Tp=int
          ]
c:\users\daoth\source\repos\project5\code\source.cpp(288): warning C4244: 'argument': conversion from '_Ty2' to '_Tp', possible loss of data
          with
          [
              _Ty2=float
          ]
          and
          [
              _Tp=int
          ]
c:\users\daoth\source\repos\project5\code\source.cpp(288): warning C4244: 'argument': conversion from '_Ty1' to '_Tp', possible loss of data
          with
          [
              _Ty1=float
          ]
          and
          [
              _Tp=int
          ]
c:\users\daoth\source\repos\project5\code\source.cpp(345): warning C4244: 'argument': conversion from '_Ty2' to '_Tp', possible loss of data
          with
          [
              _Ty2=float
          ]
          and
          [
              _Tp=int
          ]
c:\users\daoth\source\repos\project5\code\source.cpp(345): warning C4244: 'argument': conversion from '_Ty1' to '_Tp', possible loss of data
          with
          [
              _Ty1=float
          ]
          and
          [
              _Tp=int
          ]
c:\users\daoth\source\repos\project5\code\source.cpp(346): warning C4244: 'argument': conversion from '_Ty2' to '_Tp', possible loss of data
          with
          [
              _Ty2=float
          ]
          and
          [
              _Tp=int
          ]
c:\users\daoth\source\repos\project5\code\source.cpp(346): warning C4244: 'argument': conversion from '_Ty1' to '_Tp', possible loss of data
          with
          [
              _Ty1=float
          ]
          and
          [
              _Tp=int
          ]
c:\users\daoth\source\repos\project5\code\source.cpp(450): warning C4244: 'argument': conversion from '_Ty2' to '_Tp', possible loss of data
          with
          [
              _Ty2=float
          ]
          and
          [
              _Tp=int
          ]
c:\users\daoth\source\repos\project5\code\source.cpp(450): warning C4244: 'argument': conversion from '_Ty1' to '_Tp', possible loss of data
          with
          [
              _Ty1=float
          ]
          and
          [
              _Tp=int
          ]
c:\users\daoth\source\repos\project5\code\source.cpp(451): warning C4244: 'argument': conversion from '_Ty2' to '_Tp', possible loss of data
          with
          [
              _Ty2=float
          ]
          and
          [
              _Tp=int
          ]
c:\users\daoth\source\repos\project5\code\source.cpp(451): warning C4244: 'argument': conversion from '_Ty1' to '_Tp', possible loss of data
          with
          [
              _Ty1=float
          ]
          and
          [
              _Tp=int
          ]
c:\users\daoth\source\repos\project5\code\source.cpp(568): warning C4244: 'argument': conversion from 'float' to 'int', possible loss of data
c:\users\daoth\source\repos\project5\code\source.cpp(569): warning C4244: 'argument': conversion from 'float' to 'int', possible loss of data
c:\users\daoth\source\repos\project5\code\source.cpp(596): warning C4244: 'argument': conversion from 'float' to 'int', possible loss of data
c:\users\daoth\source\repos\project5\code\source.cpp(597): warning C4244: 'argument': conversion from 'float' to 'int', possible loss of data
c:\users\daoth\source\repos\project5\code\source.cpp(702): warning C4267: '=': conversion from 'size_t' to 'int', possible loss of data
  Code.vcxproj -> C:\Users\daoth\source\repos\Project5\x64\Debug\Code.exe
  Copy Intel RealSense SDK 2.0 shared module next to the application
  C:\Program Files (x86)\Intel RealSense SDK 2.0\bin\x64\realsense2.dll
  1 File(s) copied
